<?xml version="1.0" encoding="utf-8"?><testsuites name="pytest tests"><testsuite name="pytest" errors="0" failures="0" skipped="0" tests="40" time="6.273" timestamp="2026-08-29T06:31:57.865290+00:00" hostname="agent-env-52886d0f-7e03-497d-8d15-255813f2ae59"><testcase classname="tests.test_kranti_mandal.TestAuth" name="test_super_admin_login" time="0.383" /><testcase classname="tests.test_kranti_mandal.TestAuth" name="test_auth_me_super_admin" time="0.095" /><testcase classname="tests.test_kranti_mandal.TestAuth" name="test_member_self_register_pending" time="0.342" /><testcase classname="tests.test_kranti_mandal.TestAuth" name="test_pending_member_login_blocked" time="0.321" /><testcase classname="tests.test_kranti_mandal.TestAuth" name="test_invalid_login" time="0.315" /><testcase classname="tests.test_kranti_mandal.TestAdminManagement" name="test_super_admin_can_list_admins" time="0.138" /><testcase classname="tests.test_kranti_mandal.TestAdminManagement" name="test_super_admin_creates_admin" time="0.331" /><testcase classname="tests.test_kranti_mandal.TestAdminManagement" name="test_new_admin_can_login" time="0.324" /><testcase classname="tests.test_kranti_mandal.TestAdminManagement" name="test_admin_cannot_list_admins" time="0.115" /><testcase classname="tests.test_kranti_mandal.TestAdminManagement" name="test_admin_cannot_view_audit_logs" time="0.101" /><testcase classname="tests.test_kranti_mandal.TestAdminManagement" name="test_super_admin_can_view_audit_logs" time="0.116" /><testcase classname="tests.test_kranti_mandal.TestMembers" name="test_admin_creates_member_a" time="0.133" /><testcase classname="tests.test_kranti_mandal.TestMembers" name="test_admin_creates_member_b" time="0.103" /><testcase classname="tests.test_kranti_mandal.TestMembers" name="test_list_members_search" time="0.094" /><testcase classname="tests.test_kranti_mandal.TestMembers" name="test_approve_pending_member" time="0.198" /><testcase classname="tests.test_kranti_mandal.TestMembers" name="test_approved_member_can_login" time="0.333" /><testcase classname="tests.test_kranti_mandal.TestRBAC" name="test_member_cannot_create_member" time="0.103" /><testcase classname="tests.test_kranti_mandal.TestRBAC" name="test_member_cannot_create_payment" time="0.099" /><testcase classname="tests.test_kranti_mandal.TestRBAC" name="test_member_cannot_create_expense" time="0.146" /><testcase classname="tests.test_kranti_mandal.TestRBAC" name="test_member_cannot_create_event" time="0.144" /><testcase classname="tests.test_kranti_mandal.TestVargani" name="test_add_partial_payment_member_a" time="0.162" /><testcase classname="tests.test_kranti_mandal.TestVargani" name="test_member_a_pending_is_6000" time="0.096" /><testcase classname="tests.test_kranti_mandal.TestVargani" name="test_overpay_rejected" time="0.096" /><testcase classname="tests.test_kranti_mandal.TestVargani" name="test_overpay_allowed_with_flag" time="0.096" /><testcase classname="tests.test_kranti_mandal.TestVargani" name="test_full_payment_member_b" time="0.192" /><testcase classname="tests.test_kranti_mandal.TestVargani" name="test_invalid_payment_mode" time="0.092" /><testcase classname="tests.test_kranti_mandal.TestExpenses" name="test_create_expense" time="0.146" /><testcase classname="tests.test_kranti_mandal.TestExpenses" name="test_list_expenses_filter" time="0.109" /><testcase classname="tests.test_kranti_mandal.TestExpenses" name="test_invalid_category" time="0.087" /><testcase classname="tests.test_kranti_mandal.TestEvents" name="test_create_upcoming_event" time="0.144" /><testcase classname="tests.test_kranti_mandal.TestEvents" name="test_list_events" time="0.110" /><testcase classname="tests.test_kranti_mandal.TestDashboard" name="test_dashboard_totals" time="0.152" /><testcase classname="tests.test_kranti_mandal.TestReports" name="test_vargani_report" time="0.105" /><testcase classname="tests.test_kranti_mandal.TestReports" name="test_expenses_report" time="0.093" /><testcase classname="tests.test_kranti_mandal.TestReports" name="test_events_report" time="0.102" /><testcase classname="tests.test_kranti_mandal.TestReports" name="test_vargani_csv_export" time="0.097" /><testcase classname="tests.test_kranti_mandal.TestReports" name="test_expense_csv_export" time="0.096" /><testcase classname="tests.test_kranti_mandal.TestNotifications" name="test_admin_notifications_has_registration" time="0.095" /><testcase classname="tests.test_kranti_mandal.TestNotifications" name="test_member_notifications_has_approval" time="0.103" /><testcase classname="tests.test_kranti_mandal.TestNotifications" name="test_mark_all_read" time="0.100" /></testsuite></testsuites>